                      :-) GROMACS - gmx mdrun, 2020.2 (-:

                            GROMACS is written by:
     Emile Apol      Rossen Apostolov      Paul Bauer     Herman J.C. Berendsen
    Par Bjelkmar      Christian Blau   Viacheslav Bolnykh     Kevin Boyd    
 Aldert van Buuren   Rudi van Drunen     Anton Feenstra       Alan Gray     
  Gerrit Groenhof     Anca Hamuraru    Vincent Hindriksen  M. Eric Irrgang  
  Aleksei Iupinov   Christoph Junghans     Joe Jordan     Dimitrios Karkoulis
    Peter Kasson        Jiri Kraus      Carsten Kutzner      Per Larsson    
  Justin A. Lemkul    Viveca Lindahl    Magnus Lundborg     Erik Marklund   
    Pascal Merz     Pieter Meulenhoff    Teemu Murtola       Szilard Pall   
    Sander Pronk      Roland Schulz      Michael Shirts    Alexey Shvetsov  
   Alfons Sijbers     Peter Tieleman      Jon Vincent      Teemu Virolainen 
 Christian Wennberg    Maarten Wolf      Artem Zhmurov   
                           and the project leaders:
        Mark Abraham, Berk Hess, Erik Lindahl, and David van der Spoel

Copyright (c) 1991-2000, University of Groningen, The Netherlands.
Copyright (c) 2001-2019, The GROMACS development team at
Uppsala University, Stockholm University and
the Royal Institute of Technology, Sweden.
check out http://www.gromacs.org for more information.

GROMACS is free software; you can redistribute it and/or modify it
under the terms of the GNU Lesser General Public License
as published by the Free Software Foundation; either version 2.1
of the License, or (at your option) any later version.

GROMACS:      gmx mdrun, version 2020.2
Executable:   /gromacs/gromacs-2020.2-GPU/bin/gmx
Data prefix:  /gromacs/gromacs-2020.2-GPU
Working dir:  /home/machuque/Filiper_Tom_-_Tutorial_MD/05_MD
Process ID:   10055
Command line:
  gmx mdrun -ntomp 16 -ntmpi 1 -pin on -s MPro-ligs.tpr -x MPro-ligs.xtc -c MPro-ligs.gro -e MPro-ligs.edr -g MPro-ligs.log -nice 19 -v

GROMACS version:    2020.2
Verified release checksum is 3f718d436b1ac2d44ce97164df8a13322fc143498ba44eccfd567e20d8aaea1d
Precision:          single
Memory model:       64 bit
MPI library:        thread_mpi
OpenMP support:     enabled (GMX_OPENMP_MAX_THREADS = 64)
GPU support:        CUDA
SIMD instructions:  AVX2_256
FFT library:        fftw-3.3.8-sse2-avx-avx2-avx2_128
RDTSCP usage:       enabled
TNG support:        enabled
Hwloc support:      disabled
Tracing support:    disabled
C compiler:         /usr/bin/gcc-5 GNU 5.5.0
C compiler flags:   -mavx2 -mfma -fexcess-precision=fast -funroll-all-loops -fopenmp -O3 -DNDEBUG
C++ compiler:       /usr/bin/c++ GNU 7.4.0
C++ compiler flags: -mavx2 -mfma -fexcess-precision=fast -funroll-all-loops -fopenmp -O3 -DNDEBUG
CUDA compiler:      /usr/local/cuda/bin/nvcc nvcc: NVIDIA (R) Cuda compiler driver;Copyright (c) 2005-2019 NVIDIA Corporation;Built on Wed_Apr_24_19:10:27_PDT_2019;Cuda compilation tools, release 10.1, V10.1.168
CUDA compiler flags:-std=c++14;-gencode;arch=compute_30,code=sm_30;-gencode;arch=compute_35,code=sm_35;-gencode;arch=compute_37,code=sm_37;-gencode;arch=compute_50,code=sm_50;-gencode;arch=compute_52,code=sm_52;-gencode;arch=compute_60,code=sm_60;-gencode;arch=compute_61,code=sm_61;-gencode;arch=compute_70,code=sm_70;-gencode;arch=compute_35,code=compute_35;-gencode;arch=compute_50,code=compute_50;-gencode;arch=compute_52,code=compute_52;-gencode;arch=compute_60,code=compute_60;-gencode;arch=compute_61,code=compute_61;-gencode;arch=compute_70,code=compute_70;-gencode;arch=compute_75,code=compute_75;-use_fast_math;-D_FORCE_INLINES;-mavx2 -mfma -fexcess-precision=fast -funroll-all-loops -fopenmp -O3 -DNDEBUG
CUDA driver:        10.20
CUDA runtime:       10.10


Running on 1 node with total 8 cores, 16 logical cores, 1 compatible GPU
Hardware detected:
  CPU info:
    Vendor: Intel
    Brand:  Intel(R) Xeon(R) CPU E5-2620 v4 @ 2.10GHz
    Family: 6   Model: 79   Stepping: 1
    Features: aes apic avx avx2 clfsh cmov cx8 cx16 f16c fma hle htt intel lahf mmx msr nonstop_tsc pcid pclmuldq pdcm pdpe1gb popcnt pse rdrnd rdtscp rtm sse2 sse3 sse4.1 sse4.2 ssse3 tdt x2apic
  Hardware topology: Basic
    Sockets, cores, and logical processors:
      Socket  0: [   0   8] [   1   9] [   2  10] [   3  11] [   4  12] [   5  13] [   6  14] [   7  15]
  GPU info:
    Number of GPUs detected: 1
    #0: NVIDIA GeForce RTX 2080, compute cap.: 7.5, ECC:  no, stat: compatible


++++ PLEASE READ AND CITE THE FOLLOWING REFERENCE ++++
M. J. Abraham, T. Murtola, R. Schulz, S. Páll, J. C. Smith, B. Hess, E.
Lindahl
GROMACS: High performance molecular simulations through multi-level
parallelism from laptops to supercomputers
SoftwareX 1 (2015) pp. 19-25
-------- -------- --- Thank You --- -------- --------


++++ PLEASE READ AND CITE THE FOLLOWING REFERENCE ++++
S. Páll, M. J. Abraham, C. Kutzner, B. Hess, E. Lindahl
Tackling Exascale Software Challenges in Molecular Dynamics Simulations with
GROMACS
In S. Markidis & E. Laure (Eds.), Solving Software Challenges for Exascale 8759 (2015) pp. 3-27
-------- -------- --- Thank You --- -------- --------


++++ PLEASE READ AND CITE THE FOLLOWING REFERENCE ++++
S. Pronk, S. Páll, R. Schulz, P. Larsson, P. Bjelkmar, R. Apostolov, M. R.
Shirts, J. C. Smith, P. M. Kasson, D. van der Spoel, B. Hess, and E. Lindahl
GROMACS 4.5: a high-throughput and highly parallel open source molecular
simulation toolkit
Bioinformatics 29 (2013) pp. 845-54
-------- -------- --- Thank You --- -------- --------


++++ PLEASE READ AND CITE THE FOLLOWING REFERENCE ++++
B. Hess and C. Kutzner and D. van der Spoel and E. Lindahl
GROMACS 4: Algorithms for highly efficient, load-balanced, and scalable
molecular simulation
J. Chem. Theory Comput. 4 (2008) pp. 435-447
-------- -------- --- Thank You --- -------- --------


++++ PLEASE READ AND CITE THE FOLLOWING REFERENCE ++++
D. van der Spoel, E. Lindahl, B. Hess, G. Groenhof, A. E. Mark and H. J. C.
Berendsen
GROMACS: Fast, Flexible and Free
J. Comp. Chem. 26 (2005) pp. 1701-1719
-------- -------- --- Thank You --- -------- --------


++++ PLEASE READ AND CITE THE FOLLOWING REFERENCE ++++
E. Lindahl and B. Hess and D. van der Spoel
GROMACS 3.0: A package for molecular simulation and trajectory analysis
J. Mol. Mod. 7 (2001) pp. 306-317
-------- -------- --- Thank You --- -------- --------


++++ PLEASE READ AND CITE THE FOLLOWING REFERENCE ++++
H. J. C. Berendsen, D. van der Spoel and R. van Drunen
GROMACS: A message-passing parallel molecular dynamics implementation
Comp. Phys. Comm. 91 (1995) pp. 43-56
-------- -------- --- Thank You --- -------- --------


++++ PLEASE CITE THE DOI FOR THIS VERSION OF GROMACS ++++
https://doi.org/10.5281/zenodo.3773801
-------- -------- --- Thank You --- -------- --------

Input Parameters:
   integrator                     = md
   tinit                          = 0
   dt                             = 0.002
   nsteps                         = 50000000
   init-step                      = 0
   simulation-part                = 1
   comm-mode                      = Linear
   nstcomm                        = 10
   bd-fric                        = 0
   ld-seed                        = -1133256917
   emtol                          = 10
   emstep                         = 0.01
   niter                          = 20
   fcstep                         = 0
   nstcgsteep                     = 1000
   nbfgscorr                      = 10
   rtpi                           = 0.05
   nstxout                        = 0
   nstvout                        = 0
   nstfout                        = 0
   nstlog                         = 0
   nstcalcenergy                  = 10
   nstenergy                      = 50000
   nstxout-compressed             = 50000
   compressed-x-precision         = 1000
   cutoff-scheme                  = Verlet
   nstlist                        = 10
   pbc                            = xyz
   periodic-molecules             = false
   verlet-buffer-tolerance        = 0.005
   rlist                          = 1.4
   coulombtype                    = PME
   coulomb-modifier               = Potential-shift
   rcoulomb-switch                = 0
   rcoulomb                       = 1.4
   epsilon-r                      = 1
   epsilon-rf                     = inf
   vdw-type                       = Cut-off
   vdw-modifier                   = Potential-shift
   rvdw-switch                    = 0
   rvdw                           = 1.4
   DispCorr                       = No
   table-extension                = 1
   fourierspacing                 = 0.12
   fourier-nx                     = 96
   fourier-ny                     = 96
   fourier-nz                     = 96
   pme-order                      = 4
   ewald-rtol                     = 1e-05
   ewald-rtol-lj                  = 0.001
   lj-pme-comb-rule               = Geometric
   ewald-geometry                 = 0
   epsilon-surface                = 0
   tcoupl                         = V-rescale
   nsttcouple                     = 10
   nh-chain-length                = 0
   print-nose-hoover-chain-variables = false
   pcoupl                         = Parrinello-Rahman
   pcoupltype                     = Isotropic
   nstpcouple                     = 10
   tau-p                          = 2
   compressibility (3x3):
      compressibility[    0]={ 4.50000e-05,  0.00000e+00,  0.00000e+00}
      compressibility[    1]={ 0.00000e+00,  4.50000e-05,  0.00000e+00}
      compressibility[    2]={ 0.00000e+00,  0.00000e+00,  4.50000e-05}
   ref-p (3x3):
      ref-p[    0]={ 1.00000e+00,  0.00000e+00,  0.00000e+00}
      ref-p[    1]={ 0.00000e+00,  1.00000e+00,  0.00000e+00}
      ref-p[    2]={ 0.00000e+00,  0.00000e+00,  1.00000e+00}
   refcoord-scaling               = No
   posres-com (3):
      posres-com[0]= 0.00000e+00
      posres-com[1]= 0.00000e+00
      posres-com[2]= 0.00000e+00
   posres-comB (3):
      posres-comB[0]= 0.00000e+00
      posres-comB[1]= 0.00000e+00
      posres-comB[2]= 0.00000e+00
   QMMM                           = false
   QMconstraints                  = 0
   QMMMscheme                     = 0
   MMChargeScaleFactor            = 1
qm-opts:
   ngQM                           = 0
   constraint-algorithm           = Lincs
   continuation                   = false
   Shake-SOR                      = false
   shake-tol                      = 0.0001
   lincs-order                    = 8
   lincs-iter                     = 1
   lincs-warnangle                = 90
   nwall                          = 0
   wall-type                      = 9-3
   wall-r-linpot                  = -1
   wall-atomtype[0]               = -1
   wall-atomtype[1]               = -1
   wall-density[0]                = 0
   wall-density[1]                = 0
   wall-ewald-zfac                = 3
   pull                           = false
   awh                            = false
   rotation                       = false
   interactiveMD                  = false
   disre                          = No
   disre-weighting                = Conservative
   disre-mixed                    = false
   dr-fc                          = 1000
   dr-tau                         = 0
   nstdisreout                    = 100
   orire-fc                       = 0
   orire-tau                      = 0
   nstorireout                    = 100
   free-energy                    = no
   cos-acceleration               = 0
   deform (3x3):
      deform[    0]={ 0.00000e+00,  0.00000e+00,  0.00000e+00}
      deform[    1]={ 0.00000e+00,  0.00000e+00,  0.00000e+00}
      deform[    2]={ 0.00000e+00,  0.00000e+00,  0.00000e+00}
   simulated-tempering            = false
   swapcoords                     = no
   userint1                       = 0
   userint2                       = 0
   userint3                       = 0
   userint4                       = 0
   userreal1                      = 0
   userreal2                      = 0
   userreal3                      = 0
   userreal4                      = 0
   applied-forces:
     electric-field:
       x:
         E0                       = 0
         omega                    = 0
         t0                       = 0
         sigma                    = 0
       y:
         E0                       = 0
         omega                    = 0
         t0                       = 0
         sigma                    = 0
       z:
         E0                       = 0
         omega                    = 0
         t0                       = 0
         sigma                    = 0
     density-guided-simulation:
       active                     = false
       group                      = protein
       similarity-measure         = inner-product
       atom-spreading-weight      = unity
       force-constant             = 1e+09
       gaussian-transform-spreading-width = 0.2
       gaussian-transform-spreading-range-in-multiples-of-width = 4
       reference-density-filename = reference.mrc
       nst                        = 1
       normalize-densities        = true
       adaptive-force-scaling     = false
       adaptive-force-scaling-time-constant = 4
grpopts:
   nrdf:     12147.8      141687
   ref-t:         310         310
   tau-t:         0.1         0.1
annealing:          No          No
annealing-npoints:           0           0
   acc:	           0           0           0
   nfreeze:           N           N           N
   energygrp-flags[  0]: 0

Changing nstlist from 10 to 100, rlist from 1.4 to 1.532

1 GPU selected for this run.
Mapping of GPU IDs to the 2 GPU tasks in the 1 rank on this node:
  PP:0,PME:0
PP tasks will do (non-perturbed) short-ranged interactions on the GPU
PP task will update and constrain coordinates on the CPU
PME tasks will do all aspects on the GPU
Using 1 MPI thread
Using 16 OpenMP threads 


Overriding thread affinity set outside gmx mdrun

Pinning threads with an auto-selected logical core stride of 1
System total charge: -0.000
Will do PME sum in reciprocal space for electrostatic interactions.

++++ PLEASE READ AND CITE THE FOLLOWING REFERENCE ++++
U. Essmann, L. Perera, M. L. Berkowitz, T. Darden, H. Lee and L. G. Pedersen 
A smooth particle mesh Ewald method
J. Chem. Phys. 103 (1995) pp. 8577-8592
-------- -------- --- Thank You --- -------- --------

Using a Gaussian width (1/beta) of 0.448228 nm for Ewald
Potential shift: LJ r^-12: -1.764e-02 r^-6: -1.328e-01, Ewald -7.143e-06
Initialized non-bonded Ewald tables, spacing: 1.10e-03 size: 1270

Generated table with 1266 data points for 1-4 COUL.
Tabscale = 500 points/nm
Generated table with 1266 data points for 1-4 LJ6.
Tabscale = 500 points/nm
Generated table with 1266 data points for 1-4 LJ12.
Tabscale = 500 points/nm

Using GPU 8x8 nonbonded short-range kernels

Using a dual 8x8 pair-list setup updated with dynamic, rolling pruning:
  outer list: updated every 100 steps, buffer 0.132 nm, rlist 1.532 nm
  inner list: updated every  14 steps, buffer 0.005 nm, rlist 1.405 nm
At tolerance 0.005 kJ/mol/ps per atom, equivalent classical 1x1 list would be:
  outer list: updated every 100 steps, buffer 0.293 nm, rlist 1.693 nm
  inner list: updated every  14 steps, buffer 0.064 nm, rlist 1.464 nm

Using full Lennard-Jones parameter combination matrix

Removing pbc first time

Initializing LINear Constraint Solver

++++ PLEASE READ AND CITE THE FOLLOWING REFERENCE ++++
B. Hess
P-LINCS: A Parallel Linear Constraint Solver for molecular simulation
J. Chem. Theory Comput. 4 (2008) pp. 116-122
-------- -------- --- Thank You --- -------- --------

The number of constraints is 6239
6 constraints are involved in constraint triangles,
will apply an additional matrix expansion of order 8 for couplings
between constraints inside triangles

++++ PLEASE READ AND CITE THE FOLLOWING REFERENCE ++++
S. Miyamoto and P. A. Kollman
SETTLE: An Analytical Version of the SHAKE and RATTLE Algorithms for Rigid
Water Models
J. Comp. Chem. 13 (1992) pp. 952-962
-------- -------- --- Thank You --- -------- --------


++++ PLEASE READ AND CITE THE FOLLOWING REFERENCE ++++
G. Bussi, D. Donadio and M. Parrinello
Canonical sampling through velocity rescaling
J. Chem. Phys. 126 (2007) pp. 014101
-------- -------- --- Thank You --- -------- --------

There are: 76970 Atoms

Constraining the starting coordinates (step 0)

Constraining the coordinates at t0-dt (step 0)
Center of mass motion removal mode is Linear
We have the following groups for center of mass motion removal:
  0:  rest
RMS relative constraint deviation after constraining: 4.56e-06
Initial temperature: 312.392 K

Started mdrun on rank 0 Sun Jul 19 14:45:01 2020

           Step           Time
              0        0.00000

   Energies (kJ/mol)
       G96Angle    Proper Dih.  Improper Dih.          LJ-14     Coulomb-14
    1.04050e+04    6.84573e+03    3.24120e+03    1.53059e+02    8.89585e+04
        LJ (SR)   Coulomb (SR)   Coul. recip.      Potential    Kinetic En.
    1.43516e+05   -1.29300e+06    2.74934e+03   -1.03713e+06    1.99741e+05
   Total Energy  Conserved En.    Temperature Pressure (bar)   Constr. rmsd
   -8.37392e+05   -8.37343e+05    3.12325e+02    1.13315e+02    5.27845e-06

step 2300: timed with pme grid 96 96 96, coulomb cutoff 1.400: 395.0 M-cycles
step 2500: timed with pme grid 80 80 80, coulomb cutoff 1.529: 824.0 M-cycles
step 2700: timed with pme grid 84 84 84, coulomb cutoff 1.456: 448.8 M-cycles
step 2900: timed with pme grid 96 96 96, coulomb cutoff 1.400: 396.4 M-cycles
              optimal pme grid 96 96 96, coulomb cutoff 1.400
Writing checkpoint, step 438500 at Sun Jul 19 15:00:01 2020


Writing checkpoint, step 879900 at Sun Jul 19 15:15:01 2020


Writing checkpoint, step 1321600 at Sun Jul 19 15:30:01 2020


Writing checkpoint, step 1761900 at Sun Jul 19 15:45:01 2020


Writing checkpoint, step 2198800 at Sun Jul 19 16:00:01 2020


Writing checkpoint, step 2640300 at Sun Jul 19 16:15:01 2020


Writing checkpoint, step 3081700 at Sun Jul 19 16:30:01 2020


Writing checkpoint, step 3523300 at Sun Jul 19 16:45:01 2020


Writing checkpoint, step 3964700 at Sun Jul 19 17:00:01 2020


Writing checkpoint, step 4406600 at Sun Jul 19 17:15:01 2020


Writing checkpoint, step 4848600 at Sun Jul 19 17:30:01 2020


Writing checkpoint, step 5290400 at Sun Jul 19 17:45:01 2020


Writing checkpoint, step 5732500 at Sun Jul 19 18:00:01 2020


Writing checkpoint, step 6172700 at Sun Jul 19 18:15:01 2020


Writing checkpoint, step 6614800 at Sun Jul 19 18:30:01 2020


Writing checkpoint, step 7038300 at Sun Jul 19 18:45:01 2020


Writing checkpoint, step 7442900 at Sun Jul 19 19:00:01 2020


Writing checkpoint, step 7874800 at Sun Jul 19 19:15:01 2020


Writing checkpoint, step 8316500 at Sun Jul 19 19:30:01 2020


Writing checkpoint, step 8757600 at Sun Jul 19 19:45:01 2020


Writing checkpoint, step 9199200 at Sun Jul 19 20:00:01 2020


Writing checkpoint, step 9640700 at Sun Jul 19 20:15:01 2020


Writing checkpoint, step 10082400 at Sun Jul 19 20:30:01 2020


Writing checkpoint, step 10524300 at Sun Jul 19 20:45:01 2020


Writing checkpoint, step 10966000 at Sun Jul 19 21:00:01 2020


Writing checkpoint, step 11407900 at Sun Jul 19 21:15:01 2020


Writing checkpoint, step 11849400 at Sun Jul 19 21:30:01 2020


Writing checkpoint, step 12289300 at Sun Jul 19 21:45:01 2020


Writing checkpoint, step 12729500 at Sun Jul 19 22:00:01 2020


Writing checkpoint, step 13162800 at Sun Jul 19 22:15:01 2020


Writing checkpoint, step 13603300 at Sun Jul 19 22:30:01 2020


Writing checkpoint, step 14045400 at Sun Jul 19 22:45:01 2020


Writing checkpoint, step 14487500 at Sun Jul 19 23:00:01 2020


Writing checkpoint, step 14930000 at Sun Jul 19 23:15:01 2020


Writing checkpoint, step 15372300 at Sun Jul 19 23:30:01 2020


Writing checkpoint, step 15814500 at Sun Jul 19 23:45:01 2020


Writing checkpoint, step 16256900 at Mon Jul 20 00:00:01 2020


Writing checkpoint, step 16698400 at Mon Jul 20 00:15:01 2020


Writing checkpoint, step 17140800 at Mon Jul 20 00:30:01 2020


Writing checkpoint, step 17582800 at Mon Jul 20 00:45:01 2020


Writing checkpoint, step 18025400 at Mon Jul 20 01:00:01 2020


Writing checkpoint, step 18467000 at Mon Jul 20 01:15:01 2020


Writing checkpoint, step 18910300 at Mon Jul 20 01:30:01 2020


Writing checkpoint, step 19353400 at Mon Jul 20 01:45:01 2020


Writing checkpoint, step 19796000 at Mon Jul 20 02:00:01 2020


Writing checkpoint, step 20238500 at Mon Jul 20 02:15:01 2020


Writing checkpoint, step 20681100 at Mon Jul 20 02:30:01 2020


Writing checkpoint, step 21123700 at Mon Jul 20 02:45:01 2020


Writing checkpoint, step 21565900 at Mon Jul 20 03:00:01 2020


Writing checkpoint, step 22007900 at Mon Jul 20 03:15:01 2020


Writing checkpoint, step 22449700 at Mon Jul 20 03:30:01 2020


Writing checkpoint, step 22891800 at Mon Jul 20 03:45:01 2020


Writing checkpoint, step 23334000 at Mon Jul 20 04:00:01 2020


Writing checkpoint, step 23776500 at Mon Jul 20 04:15:01 2020


Writing checkpoint, step 24217600 at Mon Jul 20 04:30:01 2020


Writing checkpoint, step 24660500 at Mon Jul 20 04:45:01 2020


Writing checkpoint, step 25103500 at Mon Jul 20 05:00:01 2020


Writing checkpoint, step 25546200 at Mon Jul 20 05:15:01 2020


Writing checkpoint, step 25988600 at Mon Jul 20 05:30:01 2020


Writing checkpoint, step 26431500 at Mon Jul 20 05:45:01 2020


Writing checkpoint, step 26874100 at Mon Jul 20 06:00:01 2020


Writing checkpoint, step 27316100 at Mon Jul 20 06:15:01 2020


Writing checkpoint, step 27758600 at Mon Jul 20 06:30:01 2020


Writing checkpoint, step 28201100 at Mon Jul 20 06:45:01 2020


Writing checkpoint, step 28643500 at Mon Jul 20 07:00:01 2020


Writing checkpoint, step 29085900 at Mon Jul 20 07:15:01 2020


Writing checkpoint, step 29528700 at Mon Jul 20 07:30:01 2020


Writing checkpoint, step 29971100 at Mon Jul 20 07:45:01 2020


Writing checkpoint, step 30408100 at Mon Jul 20 08:00:01 2020


Writing checkpoint, step 30844400 at Mon Jul 20 08:15:01 2020


Writing checkpoint, step 31264200 at Mon Jul 20 08:30:01 2020


Writing checkpoint, step 31702200 at Mon Jul 20 08:45:01 2020


Writing checkpoint, step 32139700 at Mon Jul 20 09:00:01 2020


Writing checkpoint, step 32547900 at Mon Jul 20 09:15:01 2020


Writing checkpoint, step 32887000 at Mon Jul 20 09:30:01 2020


Writing checkpoint, step 33196700 at Mon Jul 20 09:45:01 2020


Writing checkpoint, step 33440500 at Mon Jul 20 10:00:01 2020


Writing checkpoint, step 33854900 at Mon Jul 20 10:15:01 2020


Writing checkpoint, step 34273300 at Mon Jul 20 10:30:01 2020


Writing checkpoint, step 34678600 at Mon Jul 20 10:45:01 2020


Writing checkpoint, step 35054600 at Mon Jul 20 11:00:01 2020


Writing checkpoint, step 35457500 at Mon Jul 20 11:15:01 2020


Writing checkpoint, step 35896700 at Mon Jul 20 11:30:01 2020


Writing checkpoint, step 36339100 at Mon Jul 20 11:45:01 2020


Writing checkpoint, step 36780500 at Mon Jul 20 12:00:01 2020


Writing checkpoint, step 37222900 at Mon Jul 20 12:15:01 2020


Writing checkpoint, step 37661400 at Mon Jul 20 12:30:01 2020


Writing checkpoint, step 38104100 at Mon Jul 20 12:45:01 2020


Writing checkpoint, step 38546800 at Mon Jul 20 13:00:01 2020


Writing checkpoint, step 38981100 at Mon Jul 20 13:15:01 2020


Writing checkpoint, step 39418400 at Mon Jul 20 13:30:01 2020


Writing checkpoint, step 39846000 at Mon Jul 20 13:45:01 2020


Writing checkpoint, step 40246800 at Mon Jul 20 14:00:01 2020


Writing checkpoint, step 40680300 at Mon Jul 20 14:15:01 2020


Writing checkpoint, step 41123200 at Mon Jul 20 14:30:01 2020


Writing checkpoint, step 41564600 at Mon Jul 20 14:45:01 2020


Writing checkpoint, step 42007300 at Mon Jul 20 15:00:01 2020


Writing checkpoint, step 42449900 at Mon Jul 20 15:15:01 2020


Writing checkpoint, step 42891800 at Mon Jul 20 15:30:01 2020


Writing checkpoint, step 43334600 at Mon Jul 20 15:45:01 2020


Writing checkpoint, step 43777600 at Mon Jul 20 16:00:01 2020


Writing checkpoint, step 44220500 at Mon Jul 20 16:15:01 2020


Writing checkpoint, step 44663100 at Mon Jul 20 16:30:01 2020


Writing checkpoint, step 45104600 at Mon Jul 20 16:45:01 2020


Writing checkpoint, step 45546600 at Mon Jul 20 17:00:01 2020


Writing checkpoint, step 45983300 at Mon Jul 20 17:15:01 2020


Writing checkpoint, step 46400500 at Mon Jul 20 17:30:01 2020


Writing checkpoint, step 46802500 at Mon Jul 20 17:45:01 2020


Writing checkpoint, step 47236500 at Mon Jul 20 18:00:01 2020


Writing checkpoint, step 47678900 at Mon Jul 20 18:15:01 2020


Writing checkpoint, step 48121300 at Mon Jul 20 18:30:01 2020


Writing checkpoint, step 48564000 at Mon Jul 20 18:45:01 2020


Writing checkpoint, step 49006800 at Mon Jul 20 19:00:01 2020


Writing checkpoint, step 49449200 at Mon Jul 20 19:15:01 2020


Writing checkpoint, step 49891700 at Mon Jul 20 19:30:01 2020


           Step           Time
       50000000   100000.00000

Writing checkpoint, step 50000000 at Mon Jul 20 19:33:41 2020


   Energies (kJ/mol)
       G96Angle    Proper Dih.  Improper Dih.          LJ-14     Coulomb-14
    1.05368e+04    6.95013e+03    3.34013e+03    3.46317e+01    8.90685e+04
        LJ (SR)   Coulomb (SR)   Coul. recip.      Potential    Kinetic En.
    1.42413e+05   -1.29330e+06    2.60000e+03   -1.03836e+06    1.97595e+05
   Total Energy  Conserved En.    Temperature Pressure (bar)   Constr. rmsd
   -8.40763e+05   -5.74951e+05    3.08970e+02    2.49524e+01    4.82746e-06


	<======  ###############  ==>
	<====  A V E R A G E S  ====>
	<==  ###############  ======>

	Statistics over 50000001 steps using 5000001 frames

   Energies (kJ/mol)
       G96Angle    Proper Dih.  Improper Dih.          LJ-14     Coulomb-14
    1.03792e+04    7.00796e+03    3.27806e+03   -5.77990e+01    8.89608e+04
        LJ (SR)   Coulomb (SR)   Coul. recip.      Potential    Kinetic En.
    1.42647e+05   -1.29233e+06    2.65826e+03   -1.03745e+06    1.98254e+05
   Total Energy  Conserved En.    Temperature Pressure (bar)   Constr. rmsd
   -8.39197e+05   -7.05426e+05    3.10001e+02    1.05551e+00    0.00000e+00

          Box-X          Box-Y          Box-Z
    1.05010e+01    1.05010e+01    7.42532e+00

   Total Virial (kJ/mol)
    6.60433e+04    5.45294e+00    3.83132e+00
    5.29732e+00    6.60545e+04    1.05420e+01
    3.71922e+00    1.04918e+01    6.60835e+04

   Pressure (bar)
    1.09682e+00   -9.68559e-02    3.86198e-02
   -9.05421e-02    1.14984e+00   -4.93330e-02
    4.31679e-02   -4.72964e-02    9.19863e-01

      T-Protein          T-SOL
    3.10024e+02    3.09999e+02


	M E G A - F L O P S   A C C O U N T I N G

 NB=Group-cutoff nonbonded kernels    NxN=N-by-N cluster Verlet kernels
 RF=Reaction-Field  VdW=Van der Waals  QSTab=quadratic-spline table
 W3=SPC/TIP3p  W4=TIP4p (single or pairs)
 V&F=Potential and force  V=Potential only  F=Force only

 Computing:                               M-Number         M-Flops  % Flops
-----------------------------------------------------------------------------
 Pair Search distance check         5438053.640528    48942482.765     0.0
 NxN Ewald Elec. + LJ [F]         5774837431.599360 381139270485.558    84.6
 NxN Ewald Elec. + LJ [V&F]       641648732.225664 68656414348.146    15.2
 1,4 nonbonded interactions          504400.010088    45396000.908     0.0
 Shift-X                              38485.076970      230910.462     0.0
 Angles                              456650.009133    76717201.534     0.0
 Propers                             222750.004455    51009751.020     0.0
 Impropers                           157800.003156    32822400.656     0.0
 Virial                              385075.077015     6931351.386     0.0
 Stop-CM                             384850.153940     3848501.539     0.0
 Calc-Ekin                           769700.153940    20781904.156     0.0
 Lincs                               311950.018717    18717001.123     0.0
 Lincs-Mat                          9137800.548268    36551202.193     0.0
 Constraint-V                       4165550.166622    33324401.333     0.0
 Constraint-Vir                      385360.077072     9248641.850     0.0
 Settle                             1180550.070833   381317672.879     0.1
-----------------------------------------------------------------------------
 Total                                             450561524257.509   100.0
-----------------------------------------------------------------------------


     R E A L   C Y C L E   A N D   T I M E   A C C O U N T I N G

On 1 MPI rank, each using 16 OpenMP threads

 Computing:          Num   Num      Call    Wall time         Giga-Cycles
                     Ranks Threads  Count      (s)         total sum    %
-----------------------------------------------------------------------------
 Neighbor search        1   16     500001    3607.380     120927.574   3.5
 Launch GPU ops.        1   16   50000001    6486.414     217439.355   6.3
 Force                  1   16   50000001    9909.279     332181.558   9.6
 Wait PME GPU gather    1   16   50000001   17098.692     573187.056  16.5
 Reduce GPU PME F       1   16   50000001    1661.753      55705.750   1.6
 Wait GPU NB local                          17929.362     601032.992  17.3
 NB X/F buffer ops.     1   16   99500001    4967.638     166526.515   4.8
 Write traj.            1   16       1116      16.877        565.766   0.0
 Update                 1   16   50000001    3966.489     132965.725   3.8
 Constraints            1   16   50000003   10435.869     349834.078  10.1
 Rest                                       27640.969     926588.160  26.6
-----------------------------------------------------------------------------
 Total                                     103720.723    3476954.530 100.0
-----------------------------------------------------------------------------

               Core t (s)   Wall t (s)        (%)
       Time:  1659531.489   103720.723     1600.0
                         1d04h48:40
                 (ns/day)    (hour/ns)
Performance:       83.301        0.288
Finished mdrun on rank 0 Mon Jul 20 19:33:41 2020

